INFO:root:\U0001f4e5 Opened AAPL @ 2010-06-30 | Signal: 3.1866
INFO:root:\U0001f4e5 Opened MSFT @ 2010-06-30 | Signal: 2.9043
INFO:root:\U0001f4e5 Opened GOOGL @ 2010-06-30 | Signal: -1.3189
INFO:root:\U0001f4e5 Opened AAPL @ 2010-06-30 | Signal: 3.6565
INFO:root:\U0001f4e5 Opened MSFT @ 2010-06-30 | Signal: 3.7303
INFO:root:\U0001f4e5 Opened GOOGL @ 2010-06-30 | Signal: -1.4444
INFO:root:\U0001f4e5 Opened AMZN @ 2010-06-30 | Signal: -3.2178
INFO:root:\U0001f4e5 Opened AMZN @ 2010-06-30 | Signal: 3.7678
INFO:root:\U0001f4e5 Opened TSLA @ 2010-06-30 | Signal: 1.9478
INFO:root:\U0001f4e5 Opened AAPL @ 2010-06-30 | Signal: 1.1412
INFO:root:\U0001f4e5 Opened TSLA @ 2010-06-30 | Signal: -3.7157
INFO:root:\U0001f4e5 Opened AAPL @ 2010-06-30 | Signal: 3.5998
INFO:root:\U0001f4e5 Opened AAPL @ 2010-06-30 | Signal: 1.5741
INFO:root:\U0001f4e5 Opened NVDA @ 2010-06-30 | Signal: 2.4988
INFO:root:\U0001f4e5 Opened MSFT @ 2010-06-30 | Signal: 3.2690
INFO:root:\U0001f4e5 Opened AAPL @ 2010-06-30 | Signal: -1.7884
INFO:root:\U0001f4e5 Opened NVDA @ 2010-06-30 | Signal: -2.0602
INFO:root:\U0001f4e5 Opened MSFT @ 2010-06-30 | Signal: 2.9062
INFO:root:\U0001f4e5 Opened AAPL @ 2010-06-30 | Signal: -2.5251
INFO:root:\U0001f4e5 Opened MSFT @ 2010-06-30 | Signal: -1.7762
INFO:root:\U0001f4e5 Opened AAPL @ 2010-06-30 | Signal: 1.2826
INFO:root:\U0001f4e5 Opened AMD @ 2010-06-30 | Signal: 1.2170
INFO:root:\U0001f4e5 Opened AAPL @ 2010-06-30 | Signal: 0.8034
INFO:root:\U0001f4e5 Opened GOOGL @ 2010-06-30 | Signal: 1.4429
INFO:root:\U0001f4e5 Opened MSFT @ 2010-06-30 | Signal: -1.1009
INFO:root:\U0001f4e5 Opened AMD @ 2010-06-30 | Signal: 2.1034
INFO:root:\U0001f4e5 Opened AAPL @ 2010-06-30 | Signal: -3.2680
INFO:root:\U0001f4e5 Opened GOOGL @ 2010-06-30 | Signal: -2.2821
INFO:root:\U0001f4e5 Opened MSFT @ 2010-06-30 | Signal: 2.3434
INFO:root:\U0001f4e5 Opened AAPL @ 2010-06-30 | Signal: -3.7882
INFO:root:\U0001f4e5 Opened GOOGL @ 2010-06-30 | Signal: -2.5062
INFO:root:\U0001f4e5 Opened AAPL @ 2010-06-30 | Signal: -2.7365
INFO:root:\U0001f4e5 Opened MSFT @ 2010-06-30 | Signal: 3.9533
INFO:root:\U0001f4e5 Opened AAPL @ 2010-06-30 | Signal: -3.2221
INFO:root:\U0001f4e5 Opened MSFT @ 2010-06-30 | Signal: -1.6100
INFO:root:\U0001f4e5 Opened AAPL @ 2010-06-30 | Signal: -2.1121
INFO:root:\U0001f4e5 Opened INTC @ 2010-06-30 | Signal: -3.2540
INFO:root:\U0001f4e5 Opened AMZN @ 2010-06-30 | Signal: -1.7269
INFO:root:\U0001f4e5 Opened AAPL @ 2010-06-30 | Signal: 3.7975
INFO:root:\U0001f4e5 Opened GOOGL @ 2010-06-30 | Signal: -3.3379
INFO:root:\U0001f4e5 Opened INTC @ 2010-06-30 | Signal: 0.2945
INFO:root:\U0001f4e5 Opened AAPL @ 2010-06-30 | Signal: 1.9261
INFO:root:\U0001f4e5 Opened MSFT @ 2010-06-30 | Signal: -2.6565
INFO:root:\U0001f4e5 Opened AMZN @ 2010-06-30 | Signal: -1.6729
INFO:root:\U0001f4e5 Opened GOOGL @ 2010-06-30 | Signal: 0.1946
INFO:root:\U0001f4e5 Opened MSFT @ 2010-06-30 | Signal: -0.4217
INFO:root:\U0001f4e5 Opened AMZN @ 2010-06-30 | Signal: 3.9167
INFO:root:\U0001f4e5 Opened MSFT @ 2010-06-30 | Signal: 2.3012
INFO:root:\U0001f4e5 Opened GOOGL @ 2010-06-30 | Signal: 3.1696
INFO:root:\U0001f4e5 Opened MSFT @ 2010-06-30 | Signal: 2.7165
INFO:root:\U0001f4e5 Opened GOOGL @ 2010-06-30 | Signal: -2.2667
INFO:root:\U0001f4e5 Opened MSFT @ 2010-06-30 | Signal: -3.2255
INFO:root:\U0001f4e5 Opened XOM @ 2010-06-30 | Signal: 0.7160
INFO:root:\U0001f4e5 Opened TSLA @ 2010-06-30 | Signal: 2.4417
INFO:root:\U0001f4e5 Opened MSFT @ 2010-06-30 | Signal: -0.0794
INFO:root:\U0001f4e5 Opened AMZN @ 2010-06-30 | Signal: 2.0038
INFO:root:\U0001f4e5 Opened XOM @ 2010-06-30 | Signal: 0.7030
INFO:root:\U0001f4e5 Opened MSFT @ 2010-06-30 | Signal: -2.5086
INFO:root:\U0001f4e5 Opened GOOGL @ 2010-06-30 | Signal: 0.1084
INFO:root:\U0001f4e5 Opened TSLA @ 2010-06-30 | Signal: 2.2800
INFO:root:\U0001f4e5 Opened AMZN @ 2010-06-30 | Signal: -0.9868
INFO:root:\U0001f4e5 Opened GOOGL @ 2010-06-30 | Signal: 2.3411
INFO:root:\U0001f4e5 Opened TSLA @ 2010-06-30 | Signal: -2.6880
INFO:root:\U0001f4e5 Opened GOOGL @ 2010-06-30 | Signal: 3.9568
INFO:root:\U0001f4e5 Opened AMZN @ 2010-06-30 | Signal: -3.4698
INFO:root:\U0001f4e5 Opened GOOGL @ 2010-06-30 | Signal: 0.5861
INFO:root:\U0001f4e5 Opened AMZN @ 2010-06-30 | Signal: 0.7755
INFO:root:\U0001f4e5 Opened GOOGL @ 2010-06-30 | Signal: 2.9163
INFO:root:\U0001f4e5 Opened CVX @ 2010-06-30 | Signal: 0.1585
INFO:root:\U0001f4e5 Opened NVDA @ 2010-06-30 | Signal: -0.6712
INFO:root:\U0001f4e5 Opened GOOGL @ 2010-06-30 | Signal: -2.8336
INFO:root:\U0001f4e5 Opened TSLA @ 2010-06-30 | Signal: -1.0412
INFO:root:\U0001f4e5 Opened CVX @ 2010-06-30 | Signal: -2.5961
INFO:root:\U0001f4e5 Opened GOOGL @ 2010-06-30 | Signal: -3.8443
INFO:root:\U0001f4e5 Opened AMZN @ 2010-06-30 | Signal: -1.1827
INFO:root:\U0001f4e5 Opened NVDA @ 2010-06-30 | Signal: -2.6289
INFO:root:\U0001f4e5 Opened TSLA @ 2010-06-30 | Signal: 3.1829
INFO:root:\U0001f4e5 Opened AMZN @ 2010-06-30 | Signal: -1.8045
INFO:root:\U0001f4e5 Opened NVDA @ 2010-06-30 | Signal: -0.6468
INFO:root:\U0001f4e5 Opened AMZN @ 2010-06-30 | Signal: -3.7772
INFO:root:\U0001f4e5 Opened TSLA @ 2010-06-30 | Signal: 0.4727
INFO:root:\U0001f4e5 Opened AMZN @ 2010-06-30 | Signal: 1.2565
INFO:root:\U0001f4e5 Opened TSLA @ 2010-06-30 | Signal: -0.0226
INFO:root:\U0001f4e5 Opened AMZN @ 2010-06-30 | Signal: 0.3804
INFO:root:\U0001f4e5 Opened BP @ 2010-06-30 | Signal: 0.2273
INFO:root:\U0001f4e5 Opened AMD @ 2010-06-30 | Signal: -0.5474
INFO:root:\U0001f4e5 Opened AMZN @ 2010-06-30 | Signal: 0.4226
INFO:root:\U0001f4e5 Opened NVDA @ 2010-06-30 | Signal: 3.1743
INFO:root:\U0001f4e5 Opened BP @ 2010-06-30 | Signal: -3.0999
INFO:root:\U0001f4e5 Opened AMZN @ 2010-06-30 | Signal: -0.9367
INFO:root:\U0001f4e5 Opened TSLA @ 2010-06-30 | Signal: -2.5807
INFO:root:\U0001f4e5 Opened AMD @ 2010-06-30 | Signal: -3.2283
INFO:root:\U0001f4e5 Opened NVDA @ 2010-06-30 | Signal: 3.4987
INFO:root:\U0001f4e5 Opened TSLA @ 2010-06-30 | Signal: 1.1048
INFO:root:\U0001f4e5 Opened AMD @ 2010-06-30 | Signal: 2.4787
INFO:root:\U0001f4e5 Opened TSLA @ 2010-06-30 | Signal: -0.5818
INFO:root:\U0001f4e5 Opened NVDA @ 2010-06-30 | Signal: -1.8400
INFO:root:\U0001f4e5 Opened TSLA @ 2010-06-30 | Signal: -3.5860
INFO:root:\U0001f4e5 Opened NVDA @ 2010-06-30 | Signal: 1.5750
INFO:root:\U0001f4e5 Opened TSLA @ 2010-06-30 | Signal: -2.8808
INFO:root:\U0001f4e5 Opened JPM @ 2010-06-30 | Signal: -1.4145
INFO:root:\U0001f4e5 Opened INTC @ 2010-06-30 | Signal: 2.6129
INFO:root:\U0001f4e5 Opened TSLA @ 2010-06-30 | Signal: -3.1570
INFO:root:\U0001f4e5 Opened AMD @ 2010-06-30 | Signal: -2.0575
INFO:root:\U0001f4e5 Opened JPM @ 2010-06-30 | Signal: 0.4600
INFO:root:\U0001f4e5 Opened TSLA @ 2010-06-30 | Signal: 0.2513
INFO:root:\U0001f4e5 Opened NVDA @ 2010-06-30 | Signal: -2.1862
INFO:root:\U0001f4e5 Opened INTC @ 2010-06-30 | Signal: 3.2501
INFO:root:\U0001f4e5 Opened AMD @ 2010-06-30 | Signal: 0.2753
INFO:root:\U0001f4e5 Opened NVDA @ 2010-06-30 | Signal: -2.1378
INFO:root:\U0001f4e5 Opened INTC @ 2010-06-30 | Signal: 2.7637
INFO:root:\U0001f4e5 Opened NVDA @ 2010-06-30 | Signal: 0.6505
INFO:root:\U0001f4e5 Opened AMD @ 2010-06-30 | Signal: 1.2842
INFO:root:\U0001f4e5 Opened NVDA @ 2010-06-30 | Signal: 1.9123
INFO:root:\U0001f4e5 Opened AMD @ 2010-06-30 | Signal: -2.8816
INFO:root:\U0001f4e5 Opened NVDA @ 2010-06-30 | Signal: 3.9416
INFO:root:\U0001f4e5 Opened XOM @ 2010-06-30 | Signal: -3.2465
INFO:root:\U0001f4e5 Opened BAC @ 2010-06-30 | Signal: 3.6762
INFO:root:\U0001f4e5 Opened NVDA @ 2010-06-30 | Signal: -3.5272
INFO:root:\U0001f4e5 Opened INTC @ 2010-06-30 | Signal: -1.3948
INFO:root:\U0001f4e5 Opened BAC @ 2010-06-30 | Signal: 1.0877
INFO:root:\U0001f4e5 Opened NVDA @ 2010-06-30 | Signal: 0.8423
INFO:root:\U0001f4e5 Opened AMD @ 2010-06-30 | Signal: 2.9983
INFO:root:\U0001f4e5 Opened XOM @ 2010-06-30 | Signal: -2.5176
INFO:root:\U0001f4e5 Opened INTC @ 2010-06-30 | Signal: 1.9388
INFO:root:\U0001f4e5 Opened AMD @ 2010-06-30 | Signal: -0.1934
INFO:root:\U0001f4e5 Opened XOM @ 2010-06-30 | Signal: 2.8945
INFO:root:\U0001f4e5 Opened AMD @ 2010-06-30 | Signal: -0.6033
INFO:root:\U0001f4e5 Opened INTC @ 2010-06-30 | Signal: -3.1924
INFO:root:\U0001f4e5 Opened AMD @ 2010-06-30 | Signal: 2.1161
INFO:root:\U0001f4e5 Opened INTC @ 2010-06-30 | Signal: 1.8792
INFO:root:\U0001f4e5 Opened AMD @ 2010-06-30 | Signal: -3.3760
INFO:root:\U0001f4e5 Opened CVX @ 2010-06-30 | Signal: -0.4042
INFO:root:\U0001f4e5 Opened WMT @ 2010-06-30 | Signal: -2.0159
INFO:root:\U0001f4e5 Opened AMD @ 2010-06-30 | Signal: 1.5371
INFO:root:\U0001f4e5 Opened XOM @ 2010-06-30 | Signal: 0.0044
INFO:root:\U0001f4e5 Opened WMT @ 2010-06-30 | Signal: 2.2612
INFO:root:\U0001f4e5 Opened AMD @ 2010-06-30 | Signal: -1.3132
INFO:root:\U0001f4e5 Opened INTC @ 2010-06-30 | Signal: 2.4969
INFO:root:\U0001f4e5 Opened CVX @ 2010-06-30 | Signal: 3.3814
INFO:root:\U0001f4e5 Opened XOM @ 2010-06-30 | Signal: 2.5624
INFO:root:\U0001f4e5 Opened INTC @ 2010-06-30 | Signal: 2.7741
INFO:root:\U0001f4e5 Opened CVX @ 2010-06-30 | Signal: 3.5738
INFO:root:\U0001f4e5 Opened INTC @ 2010-06-30 | Signal: 1.0602
INFO:root:\U0001f4e5 Opened XOM @ 2010-06-30 | Signal: -2.0755
INFO:root:\U0001f4e5 Opened INTC @ 2010-06-30 | Signal: -3.9505
INFO:root:\U0001f4e5 Opened XOM @ 2010-06-30 | Signal: -0.0973
INFO:root:\U0001f4e5 Opened INTC @ 2010-06-30 | Signal: -1.1740
INFO:root:\U0001f4e5 Opened BP @ 2010-06-30 | Signal: 2.3339
INFO:root:\U0001f4e5 Opened PG @ 2010-06-30 | Signal: 1.9291
INFO:root:\U0001f4e5 Opened INTC @ 2010-06-30 | Signal: -3.2014
INFO:root:\U0001f4e5 Opened CVX @ 2010-06-30 | Signal: -2.9821
INFO:root:\U0001f4e5 Opened PG @ 2010-06-30 | Signal: -3.9196
INFO:root:\U0001f4e5 Opened INTC @ 2010-06-30 | Signal: 0.9012
INFO:root:\U0001f4e5 Opened XOM @ 2010-06-30 | Signal: -1.9279
INFO:root:\U0001f4e5 Opened BP @ 2010-06-30 | Signal: -1.8343
INFO:root:\U0001f4e5 Opened CVX @ 2010-06-30 | Signal: -2.7834
INFO:root:\U0001f4e5 Opened XOM @ 2010-06-30 | Signal: 0.9572
INFO:root:\U0001f4e5 Opened BP @ 2010-06-30 | Signal: 0.8752
INFO:root:\U0001f4e5 Opened XOM @ 2010-06-30 | Signal: -2.1162
INFO:root:\U0001f4e5 Opened CVX @ 2010-06-30 | Signal: -2.3499
INFO:root:\U0001f4e5 Opened XOM @ 2010-06-30 | Signal: -0.4156
INFO:root:\U0001f4e5 Opened CVX @ 2010-06-30 | Signal: 3.4142
INFO:root:\U0001f4e5 Opened XOM @ 2010-06-30 | Signal: 0.3065
INFO:root:\U0001f4e5 Opened JPM @ 2010-06-30 | Signal: 3.0994
INFO:root:\U0001f4e5 Opened UNH @ 2010-06-30 | Signal: 2.0559
INFO:root:\U0001f4e5 Opened XOM @ 2010-06-30 | Signal: 0.9399
INFO:root:\U0001f4e5 Opened BP @ 2010-06-30 | Signal: 3.8852
INFO:root:\U0001f4e5 Opened UNH @ 2010-06-30 | Signal: 1.5388
INFO:root:\U0001f4e5 Opened XOM @ 2010-06-30 | Signal: 1.1887
INFO:root:\U0001f4e5 Opened CVX @ 2010-06-30 | Signal: -3.3799
INFO:root:\U0001f4e5 Opened JPM @ 2010-06-30 | Signal: 2.3989
INFO:root:\U0001f4e5 Opened BP @ 2010-06-30 | Signal: 0.3534
INFO:root:\U0001f4e5 Opened CVX @ 2010-06-30 | Signal: -0.5464
INFO:root:\U0001f4e5 Opened JPM @ 2010-06-30 | Signal: 1.3524
INFO:root:\U0001f4e5 Opened CVX @ 2010-06-30 | Signal: 2.9532
INFO:root:\U0001f4e5 Opened BP @ 2010-06-30 | Signal: -3.8027
INFO:root:\U0001f4e5 Opened CVX @ 2010-06-30 | Signal: 1.3524
INFO:root:\U0001f4e5 Opened BP @ 2010-06-30 | Signal: -1.6094
INFO:root:\U0001f4e5 Opened CVX @ 2010-06-30 | Signal: 1.3478
INFO:root:\U0001f4e5 Opened BAC @ 2010-06-30 | Signal: -3.1835
INFO:root:\U0001f4e5 Opened DIS @ 2010-06-30 | Signal: 1.6497
INFO:root:\U0001f4e5 Opened CVX @ 2010-06-30 | Signal: 3.0736
INFO:root:\U0001f4e5 Opened JPM @ 2010-06-30 | Signal: -2.7275
INFO:root:\U0001f4e5 Opened DIS @ 2010-06-30 | Signal: 1.9634
INFO:root:\U0001f4e5 Opened CVX @ 2010-06-30 | Signal: -1.9581
INFO:root:\U0001f4e5 Opened BP @ 2010-06-30 | Signal: -1.1988
INFO:root:\U0001f4e5 Opened BAC @ 2010-06-30 | Signal: 2.4976
INFO:root:\U0001f4e5 Opened JPM @ 2010-06-30 | Signal: -0.7876
INFO:root:\U0001f4e5 Opened BP @ 2010-06-30 | Signal: 2.3688
INFO:root:\U0001f4e5 Opened BAC @ 2010-06-30 | Signal: 0.4913
INFO:root:\U0001f4e5 Opened BP @ 2010-06-30 | Signal: -0.8888
INFO:root:\U0001f4e5 Opened JPM @ 2010-06-30 | Signal: -1.2471
INFO:root:\U0001f4e5 Opened BP @ 2010-06-30 | Signal: -0.1645
INFO:root:\U0001f4e5 Opened JPM @ 2010-06-30 | Signal: 2.7772
INFO:root:\U0001f4e5 Opened BP @ 2010-06-30 | Signal: -3.5198
INFO:root:\U0001f4e5 Opened WMT @ 2010-06-30 | Signal: -3.3369
INFO:root:\U0001f4e5 Opened V @ 2010-06-30 | Signal: -0.5461
INFO:root:\U0001f4e5 Opened BP @ 2010-06-30 | Signal: 1.8878
INFO:root:\U0001f4e5 Opened BAC @ 2010-06-30 | Signal: 0.1741
INFO:root:\U0001f4e5 Opened V @ 2010-06-30 | Signal: -1.0795
INFO:root:\U0001f4e5 Opened BP @ 2010-06-30 | Signal: 1.2654
INFO:root:\U0001f4e5 Opened JPM @ 2010-06-30 | Signal: 1.2849
INFO:root:\U0001f4e5 Opened WMT @ 2010-06-30 | Signal: -3.0798
INFO:root:\U0001f4e5 Opened BAC @ 2010-06-30 | Signal: 0.8930
INFO:root:\U0001f4e5 Opened JPM @ 2010-06-30 | Signal: -0.1654
INFO:root:\U0001f4e5 Opened WMT @ 2010-06-30 | Signal: 0.9774
INFO:root:\U0001f4e5 Opened JPM @ 2010-06-30 | Signal: -2.9370
INFO:root:\U0001f4e5 Opened BAC @ 2010-06-30 | Signal: -0.7169
INFO:root:\U0001f4e5 Opened JPM @ 2010-06-30 | Signal: 0.2742
INFO:root:\U0001f4e5 Opened BAC @ 2010-06-30 | Signal: -3.0492
INFO:root:\U0001f4e5 Opened JPM @ 2010-06-30 | Signal: 0.2713
INFO:root:\U0001f4e5 Opened PG @ 2010-06-30 | Signal: 3.5961
INFO:root:\U0001f4e5 Opened JPM @ 2010-06-30 | Signal: -1.9468
INFO:root:\U0001f4e5 Opened KO @ 2010-06-30 | Signal: 1.0010
INFO:root:\U0001f4e5 Opened WMT @ 2010-06-30 | Signal: 2.9508
INFO:root:\U0001f4e5 Opened KO @ 2010-06-30 | Signal: 1.0716
INFO:root:\U0001f4e5 Opened JPM @ 2010-06-30 | Signal: -2.7055
INFO:root:\U0001f4e5 Opened BAC @ 2010-06-30 | Signal: 1.4529
INFO:root:\U0001f4e5 Opened PG @ 2010-06-30 | Signal: -1.4079
INFO:root:\U0001f4e5 Opened WMT @ 2010-06-30 | Signal: 3.3918
INFO:root:\U0001f4e5 Opened BAC @ 2010-06-30 | Signal: -3.6667
INFO:root:\U0001f4e5 Opened PG @ 2010-06-30 | Signal: 0.7122
INFO:root:\U0001f4e5 Opened BAC @ 2010-06-30 | Signal: 0.1411
INFO:root:\U0001f4e5 Opened WMT @ 2010-06-30 | Signal: -2.8637
INFO:root:\U0001f4e5 Opened BAC @ 2010-06-30 | Signal: -3.8282
INFO:root:\U0001f4e5 Opened WMT @ 2010-06-30 | Signal: -1.5005
INFO:root:\U0001f4e5 Opened BAC @ 2010-06-30 | Signal: 2.3736
INFO:root:\U0001f4e5 Opened UNH @ 2010-06-30 | Signal: 0.4834
INFO:root:\U0001f4e5 Opened BAC @ 2010-06-30 | Signal: -2.0961
INFO:root:\U0001f4e5 Opened JNJ @ 2010-06-30 | Signal: 1.1168
INFO:root:\U0001f4e5 Opened PG @ 2010-06-30 | Signal: 0.4786
INFO:root:\U0001f4e5 Opened JNJ @ 2010-06-30 | Signal: 1.7639
INFO:root:\U0001f4e5 Opened BAC @ 2010-06-30 | Signal: 2.7269
INFO:root:\U0001f4e5 Opened WMT @ 2010-06-30 | Signal: -3.7447
INFO:root:\U0001f4e5 Opened UNH @ 2010-06-30 | Signal: 1.6861
INFO:root:\U0001f4e5 Opened PG @ 2010-06-30 | Signal: 1.8884
INFO:root:\U0001f4e5 Opened WMT @ 2010-06-30 | Signal: -0.0275
INFO:root:\U0001f4e5 Opened UNH @ 2010-06-30 | Signal: 2.2710
INFO:root:\U0001f4e5 Opened WMT @ 2010-06-30 | Signal: 1.6616
INFO:root:\U0001f4e5 Opened PG @ 2010-06-30 | Signal: -3.8233
INFO:root:\U0001f4e5 Opened WMT @ 2010-06-30 | Signal: 3.4032
INFO:root:\U0001f4e5 Opened PG @ 2010-06-30 | Signal: 0.9490
INFO:root:\U0001f4e5 Opened WMT @ 2010-06-30 | Signal: 3.4440
INFO:root:\U0001f4e5 Opened DIS @ 2010-06-30 | Signal: -0.2765
INFO:root:\U0001f4e5 Opened WMT @ 2010-06-30 | Signal: 0.3633
INFO:root:\U0001f4e5 Opened AAPL @ 2010-06-30 | Signal: -3.9625
INFO:root:\U0001f4e5 Opened UNH @ 2010-06-30 | Signal: -0.6052
INFO:root:\U0001f4e5 Opened AAPL @ 2010-06-30 | Signal: 0.5100
INFO:root:\U0001f4e5 Opened WMT @ 2010-06-30 | Signal: 0.5101
INFO:root:\U0001f4e5 Opened PG @ 2010-06-30 | Signal: 2.5262
INFO:root:\U0001f4e5 Opened DIS @ 2010-06-30 | Signal: -0.5774
INFO:root:\U0001f4e5 Opened UNH @ 2010-06-30 | Signal: 2.7387
INFO:root:\U0001f4e5 Opened PG @ 2010-06-30 | Signal: 0.1332
INFO:root:\U0001f4e5 Opened DIS @ 2010-06-30 | Signal: 3.3944
INFO:root:\U0001f4e5 Opened PG @ 2010-06-30 | Signal: -0.1930
INFO:root:\U0001f4e5 Opened UNH @ 2010-06-30 | Signal: 2.6607
INFO:root:\U0001f4e5 Opened PG @ 2010-06-30 | Signal: -1.9456
INFO:root:\U0001f4e5 Opened UNH @ 2010-06-30 | Signal: 0.2530
INFO:root:\U0001f4e5 Opened PG @ 2010-06-30 | Signal: 2.0207
INFO:root:\U0001f4e5 Opened V @ 2010-06-30 | Signal: 0.6814
INFO:root:\U0001f4e5 Opened PG @ 2010-06-30 | Signal: -1.4207
INFO:root:\U0001f4e5 Opened MSFT @ 2010-06-30 | Signal: -0.1464
INFO:root:\U0001f4e5 Opened DIS @ 2010-06-30 | Signal: 0.6393
INFO:root:\U0001f4e5 Opened MSFT @ 2010-06-30 | Signal: 1.6400
INFO:root:\U0001f4e5 Opened PG @ 2010-06-30 | Signal: -0.3251
INFO:root:\U0001f4e5 Opened UNH @ 2010-06-30 | Signal: 3.8569
INFO:root:\U0001f4e5 Opened V @ 2010-06-30 | Signal: 0.0594
INFO:root:\U0001f4e5 Opened DIS @ 2010-06-30 | Signal: -0.8020
INFO:root:\U0001f4e5 Opened UNH @ 2010-06-30 | Signal: -2.9429
INFO:root:\U0001f4e5 Opened V @ 2010-06-30 | Signal: -1.3694
INFO:root:\U0001f4e5 Opened UNH @ 2010-06-30 | Signal: -3.1197
INFO:root:\U0001f4e5 Opened DIS @ 2010-06-30 | Signal: 3.2890
INFO:root:\U0001f4e5 Opened UNH @ 2010-06-30 | Signal: 0.8733
INFO:root:\U0001f4e5 Opened DIS @ 2010-06-30 | Signal: -0.7689
INFO:root:\U0001f4e5 Opened UNH @ 2010-06-30 | Signal: -1.5994
INFO:root:\U0001f4e5 Opened KO @ 2010-06-30 | Signal: 3.6917
INFO:root:\U0001f4e5 Opened UNH @ 2010-06-30 | Signal: 2.2789
INFO:root:\U0001f4e5 Opened GOOGL @ 2010-06-30 | Signal: 0.8322
INFO:root:\U0001f4e5 Opened V @ 2010-06-30 | Signal: -2.9326
INFO:root:\U0001f4e5 Opened GOOGL @ 2010-06-30 | Signal: 3.5483
INFO:root:\U0001f4e5 Opened UNH @ 2010-06-30 | Signal: -0.8090
INFO:root:\U0001f4e5 Opened DIS @ 2010-06-30 | Signal: -3.1278
INFO:root:\U0001f4e5 Opened KO @ 2010-06-30 | Signal: -3.3980
INFO:root:\U0001f4e5 Opened V @ 2010-06-30 | Signal: -0.8228
INFO:root:\U0001f4e5 Opened DIS @ 2010-06-30 | Signal: -3.1807
INFO:root:\U0001f4e5 Opened KO @ 2010-06-30 | Signal: -2.8041
INFO:root:\U0001f4e5 Opened DIS @ 2010-06-30 | Signal: -3.0473
INFO:root:\U0001f4e5 Opened V @ 2010-06-30 | Signal: 2.6472
INFO:root:\U0001f4e5 Opened DIS @ 2010-06-30 | Signal: 1.4325
INFO:root:\U0001f4e5 Opened V @ 2010-06-30 | Signal: -0.6422
INFO:root:\U0001f4e5 Opened DIS @ 2010-06-30 | Signal: -1.5519
INFO:root:\U0001f4e5 Opened JNJ @ 2010-06-30 | Signal: 3.9462
INFO:root:\U0001f4e5 Opened DIS @ 2010-06-30 | Signal: -0.4879
INFO:root:\U0001f4e5 Opened AMZN @ 2010-06-30 | Signal: -3.3826
INFO:root:\U0001f4e5 Opened KO @ 2010-06-30 | Signal: 1.4396
INFO:root:\U0001f4e5 Opened AMZN @ 2010-06-30 | Signal: 0.3727
INFO:root:\U0001f4e5 Opened DIS @ 2010-06-30 | Signal: -2.4885
INFO:root:\U0001f4e5 Opened V @ 2010-06-30 | Signal: 3.4645
INFO:root:\U0001f4e5 Opened JNJ @ 2010-06-30 | Signal: 2.9800
INFO:root:\U0001f4e5 Opened KO @ 2010-06-30 | Signal: -0.3683
INFO:root:\U0001f4e5 Opened V @ 2010-06-30 | Signal: 0.3068
INFO:root:\U0001f4e5 Opened JNJ @ 2010-06-30 | Signal: -0.1856
INFO:root:\U0001f4e5 Opened V @ 2010-06-30 | Signal: -2.8373
INFO:root:\U0001f4e5 Opened KO @ 2010-06-30 | Signal: 0.8008
INFO:root:\U0001f4e5 Opened V @ 2010-06-30 | Signal: -1.9428
INFO:root:\U0001f4e5 Opened KO @ 2010-06-30 | Signal: -1.7090
INFO:root:\U0001f4e5 Opened V @ 2010-06-30 | Signal: -0.0003
INFO:root:\U0001f4e5 Opened AAPL @ 2010-06-30 | Signal: 0.9767
INFO:root:\U0001f4e5 Opened V @ 2010-06-30 | Signal: 1.0965
INFO:root:\U0001f4e5 Opened TSLA @ 2010-06-30 | Signal: 0.1549
INFO:root:\U0001f4e5 Opened JNJ @ 2010-06-30 | Signal: 3.4290
INFO:root:\U0001f4e5 Opened TSLA @ 2010-06-30 | Signal: 2.2667
INFO:root:\U0001f4e5 Opened V @ 2010-06-30 | Signal: -3.7022
INFO:root:\U0001f4e5 Opened KO @ 2010-06-30 | Signal: 1.6555
INFO:root:\U0001f4e5 Opened AAPL @ 2010-06-30 | Signal: -1.1176
INFO:root:\U0001f4e5 Opened JNJ @ 2010-06-30 | Signal: -0.6477
INFO:root:\U0001f4e5 Opened KO @ 2010-06-30 | Signal: 2.5108
INFO:root:\U0001f4e5 Opened AAPL @ 2010-06-30 | Signal: -3.4340
INFO:root:\U0001f4e5 Opened KO @ 2010-06-30 | Signal: 2.9520
INFO:root:\U0001f4e5 Opened JNJ @ 2010-06-30 | Signal: -0.9383
INFO:root:\U0001f4e5 Opened KO @ 2010-06-30 | Signal: 1.0412
INFO:root:\U0001f4e5 Opened JNJ @ 2010-06-30 | Signal: -0.5501
INFO:root:\U0001f4e5 Opened KO @ 2010-06-30 | Signal: 2.5196
INFO:root:\U0001f4e5 Opened MSFT @ 2010-06-30 | Signal: -2.9815
INFO:root:\U0001f4e5 Opened KO @ 2010-06-30 | Signal: 0.1245
INFO:root:\U0001f4e5 Opened NVDA @ 2010-06-30 | Signal: -2.2566
INFO:root:\U0001f4e5 Opened AAPL @ 2010-06-30 | Signal: -2.9130
INFO:root:\U0001f4e5 Opened NVDA @ 2010-06-30 | Signal: 0.1701
INFO:root:\U0001f4e5 Opened KO @ 2010-06-30 | Signal: -2.8174
INFO:root:\U0001f4e5 Opened JNJ @ 2010-06-30 | Signal: 2.9484
INFO:root:\U0001f4e5 Opened MSFT @ 2010-06-30 | Signal: -1.3224
INFO:root:\U0001f4e5 Opened AAPL @ 2010-06-30 | Signal: -3.1671
INFO:root:\U0001f4e5 Opened JNJ @ 2010-06-30 | Signal: 1.1470
INFO:root:\U0001f4e5 Opened MSFT @ 2010-06-30 | Signal: -2.2633
INFO:root:\U0001f4e5 Opened JNJ @ 2010-06-30 | Signal: -3.7789
INFO:root:\U0001f4e5 Opened AAPL @ 2010-06-30 | Signal: -3.9556
INFO:root:\U0001f4e5 Opened JNJ @ 2010-06-30 | Signal: -2.3175
INFO:root:\U0001f4e5 Opened AAPL @ 2010-06-30 | Signal: 2.8320
INFO:root:\U0001f4e5 Opened JNJ @ 2010-06-30 | Signal: -1.5457
INFO:root:\U0001f4e5 Opened GOOGL @ 2010-06-30 | Signal: 2.8291
INFO:root:\U0001f4e5 Opened JNJ @ 2010-06-30 | Signal: -3.3458
INFO:root:\U0001f4e5 Opened AMD @ 2010-06-30 | Signal: -0.6212
INFO:root:\U0001f4e5 Opened MSFT @ 2010-06-30 | Signal: 3.6447
INFO:root:\U0001f4e5 Opened AMD @ 2010-06-30 | Signal: -0.4034
INFO:root:\U0001f4e5 Opened JNJ @ 2010-06-30 | Signal: 1.7748
INFO:root:\U0001f4e5 Opened AAPL @ 2010-06-30 | Signal: 2.3839
INFO:root:\U0001f4e5 Opened GOOGL @ 2010-06-30 | Signal: 0.1175
INFO:root:\U0001f4e5 Opened MSFT @ 2010-06-30 | Signal: 0.0292
INFO:root:\U0001f4e5 Opened AAPL @ 2010-06-30 | Signal: -2.0311
INFO:root:\U0001f4e5 Opened GOOGL @ 2010-06-30 | Signal: -3.7795
INFO:root:\U0001f4e5 Opened AAPL @ 2010-06-30 | Signal: -0.5721
INFO:root:\U0001f4e5 Opened MSFT @ 2010-06-30 | Signal: -2.0622
INFO:root:\U0001f4e5 Opened AAPL @ 2010-06-30 | Signal: -1.8072
INFO:root:\U0001f4e5 Opened MSFT @ 2010-06-30 | Signal: -0.7233
INFO:root:\U0001f4e5 Opened AAPL @ 2010-06-30 | Signal: 0.5629
INFO:root:\U0001f4e5 Opened AMZN @ 2010-06-30 | Signal: 0.1129
INFO:root:\U0001f4e5 Opened AAPL @ 2010-06-30 | Signal: 0.5484
INFO:root:\U0001f4e5 Opened INTC @ 2010-06-30 | Signal: -0.9097
INFO:root:\U0001f4e5 Opened GOOGL @ 2010-06-30 | Signal: -3.8957
INFO:root:\U0001f4e5 Opened INTC @ 2010-06-30 | Signal: 3.2728
INFO:root:\U0001f4e5 Opened AAPL @ 2010-06-30 | Signal: 2.6690
INFO:root:\U0001f4e5 Opened MSFT @ 2010-06-30 | Signal: -3.8795
INFO:root:\U0001f4e5 Opened AMZN @ 2010-06-30 | Signal: -1.3096
INFO:root:\U0001f4e5 Opened GOOGL @ 2010-06-30 | Signal: -3.5873
INFO:root:\U0001f4e5 Opened MSFT @ 2010-06-30 | Signal: -3.3403
INFO:root:\U0001f4e5 Opened AMZN @ 2010-06-30 | Signal: -0.9208
INFO:root:\U0001f4e5 Opened MSFT @ 2010-06-30 | Signal: -0.7033
INFO:root:\U0001f4e5 Opened GOOGL @ 2010-06-30 | Signal: -0.3049
INFO:root:\U0001f4e5 Opened MSFT @ 2010-06-30 | Signal: -1.8525
INFO:root:\U0001f4e5 Opened GOOGL @ 2010-06-30 | Signal: 1.2530
INFO:root:\U0001f4e5 Opened MSFT @ 2010-06-30 | Signal: -3.5910
INFO:root:\U0001f4e5 Opened TSLA @ 2010-06-30 | Signal: 3.5158
INFO:root:\U0001f4e5 Opened MSFT @ 2010-06-30 | Signal: -1.6955
INFO:root:\U0001f4e5 Opened XOM @ 2010-06-30 | Signal: -3.7985
INFO:root:\U0001f4e5 Opened AMZN @ 2010-06-30 | Signal: 2.1663
INFO:root:\U0001f4e5 Opened XOM @ 2010-06-30 | Signal: -0.9380
INFO:root:\U0001f4e5 Opened MSFT @ 2010-06-30 | Signal: -3.2841
INFO:root:\U0001f4e5 Opened GOOGL @ 2010-06-30 | Signal: -1.1859
INFO:root:\U0001f4e5 Opened TSLA @ 2010-06-30 | Signal: -0.7992
INFO:root:\U0001f4e5 Opened AMZN @ 2010-06-30 | Signal: 1.2441
INFO:root:\U0001f4e5 Opened GOOGL @ 2010-06-30 | Signal: 0.3787
INFO:root:\U0001f4e5 Opened TSLA @ 2010-06-30 | Signal: 3.1901
INFO:root:\U0001f4e5 Opened GOOGL @ 2010-06-30 | Signal: -3.0556
INFO:root:\U0001f4e5 Opened AMZN @ 2010-06-30 | Signal: -2.3285
INFO:root:\U0001f4e5 Opened GOOGL @ 2010-06-30 | Signal: 1.2839
INFO:root:\U0001f4e5 Opened AMZN @ 2010-06-30 | Signal: -3.7025
INFO:root:\U0001f4e5 Opened GOOGL @ 2010-06-30 | Signal: 3.0852
INFO:root:\U0001f4e5 Opened NVDA @ 2010-06-30 | Signal: 3.2454
INFO:root:\U0001f4e5 Opened GOOGL @ 2010-06-30 | Signal: 2.3760
INFO:root:\U0001f4e5 Opened CVX @ 2010-06-30 | Signal: 3.5154
INFO:root:\U0001f4e5 Opened TSLA @ 2010-06-30 | Signal: -0.1205
INFO:root:\U0001f4e5 Opened CVX @ 2010-06-30 | Signal: 2.3322
INFO:root:\U0001f4e5 Opened GOOGL @ 2010-06-30 | Signal: 0.0102
INFO:root:\U0001f4e5 Opened AMZN @ 2010-06-30 | Signal: 2.2475
INFO:root:\U0001f4e5 Opened NVDA @ 2010-06-30 | Signal: 2.9952
INFO:root:\U0001f4e5 Opened TSLA @ 2010-06-30 | Signal: -1.6307
INFO:root:\U0001f4e5 Opened AMZN @ 2010-06-30 | Signal: -3.4502
INFO:root:\U0001f4e5 Opened NVDA @ 2010-06-30 | Signal: 2.6203
INFO:root:\U0001f4e5 Opened AMZN @ 2010-06-30 | Signal: 3.1605
INFO:root:\U0001f4e5 Opened TSLA @ 2010-06-30 | Signal: -2.0438
INFO:root:\U0001f4e5 Opened AMZN @ 2010-06-30 | Signal: 1.5701
INFO:root:\U0001f4e5 Opened TSLA @ 2010-06-30 | Signal: -3.5607
INFO:root:\U0001f4e5 Opened AMZN @ 2010-06-30 | Signal: 1.8838
INFO:root:\U0001f4e5 Opened AMD @ 2010-06-30 | Signal: 2.9153
INFO:root:\U0001f4e5 Opened AMZN @ 2010-06-30 | Signal: -2.5818
INFO:root:\U0001f4e5 Opened BP @ 2010-06-30 | Signal: 2.4050
INFO:root:\U0001f4e5 Opened NVDA @ 2010-06-30 | Signal: -3.1193
INFO:root:\U0001f4e5 Opened BP @ 2010-06-30 | Signal: 0.2880
INFO:root:\U0001f4e5 Opened AMZN @ 2010-06-30 | Signal: 0.6380
INFO:root:\U0001f4e5 Opened TSLA @ 2010-06-30 | Signal: -1.0319
INFO:root:\U0001f4e5 Opened AMD @ 2010-06-30 | Signal: -0.8547
INFO:root:\U0001f4e5 Opened NVDA @ 2010-06-30 | Signal: -0.8300
INFO:root:\U0001f4e5 Opened TSLA @ 2010-06-30 | Signal: -1.0641
INFO:root:\U0001f4e5 Opened AMD @ 2010-06-30 | Signal: -1.2822
INFO:root:\U0001f4e5 Opened TSLA @ 2010-06-30 | Signal: -3.4306
INFO:root:\U0001f4e5 Opened NVDA @ 2010-06-30 | Signal: 3.8617
INFO:root:\U0001f4e5 Opened TSLA @ 2010-06-30 | Signal: 3.0090
INFO:root:\U0001f4e5 Opened NVDA @ 2010-06-30 | Signal: -4.0020
INFO:root:\U0001f4e5 Opened TSLA @ 2010-06-30 | Signal: 1.0038
INFO:root:\U0001f4e5 Opened INTC @ 2010-06-30 | Signal: -3.6670
INFO:root:\U0001f4e5 Opened TSLA @ 2010-06-30 | Signal: -1.9067
INFO:root:\U0001f4e5 Opened JPM @ 2010-06-30 | Signal: -0.0148
INFO:root:\U0001f4e5 Opened AMD @ 2010-06-30 | Signal: -1.6012
INFO:root:\U0001f4e5 Opened JPM @ 2010-06-30 | Signal: 3.2697
INFO:root:\U0001f4e5 Opened TSLA @ 2010-06-30 | Signal: -2.3264
INFO:root:\U0001f4e5 Opened NVDA @ 2010-06-30 | Signal: -0.6688
INFO:root:\U0001f4e5 Opened INTC @ 2010-06-30 | Signal: -1.5181
INFO:root:\U0001f4e5 Opened AMD @ 2010-06-30 | Signal: -3.5415
INFO:root:\U0001f4e5 Opened NVDA @ 2010-06-30 | Signal: -2.0048
INFO:root:\U0001f4e5 Opened INTC @ 2010-06-30 | Signal: 2.6845
INFO:root:\U0001f4e5 Opened NVDA @ 2010-06-30 | Signal: -3.9327
INFO:root:\U0001f4e5 Opened AMD @ 2010-06-30 | Signal: 0.9564
INFO:root:\U0001f4e5 Opened NVDA @ 2010-06-30 | Signal: 3.1747
INFO:root:\U0001f4e5 Opened AMD @ 2010-06-30 | Signal: 2.8016
INFO:root:\U0001f4e5 Opened NVDA @ 2010-06-30 | Signal: -3.4719
INFO:root:\U0001f4e5 Opened XOM @ 2010-06-30 | Signal: 3.2758
INFO:root:\U0001f4e5 Opened NVDA @ 2010-06-30 | Signal: -2.7689
INFO:root:\U0001f4e5 Opened BAC @ 2010-06-30 | Signal: -2.9101
INFO:root:\U0001f4e5 Opened INTC @ 2010-06-30 | Signal: -3.4404
INFO:root:\U0001f4e5 Opened BAC @ 2010-06-30 | Signal: 3.1356
INFO:root:\U0001f4e5 Opened NVDA @ 2010-06-30 | Signal: 3.2961
INFO:root:\U0001f4e5 Opened AMD @ 2010-06-30 | Signal: 3.8402
INFO:root:\U0001f4e5 Opened XOM @ 2010-06-30 | Signal: -3.5825
INFO:root:\U0001f4e5 Opened INTC @ 2010-06-30 | Signal: -0.9928
INFO:root:\U0001f4e5 Opened AMD @ 2010-06-30 | Signal: -3.4631
INFO:root:\U0001f4e5 Opened XOM @ 2010-06-30 | Signal: -1.2836
INFO:root:\U0001f4e5 Opened AMD @ 2010-06-30 | Signal: -0.0995
INFO:root:\U0001f4e5 Opened INTC @ 2010-06-30 | Signal: 3.7064
INFO:root:\U0001f4e5 Opened AMD @ 2010-06-30 | Signal: 2.7778
INFO:root:\U0001f4e5 Opened INTC @ 2010-06-30 | Signal: -2.5287
INFO:root:\U0001f4e5 Opened AMD @ 2010-06-30 | Signal: -0.9369
INFO:root:\U0001f4e5 Opened CVX @ 2010-06-30 | Signal: -1.5486
INFO:root:\U0001f4e5 Opened AMD @ 2010-06-30 | Signal: -3.6555
INFO:root:\U0001f4e5 Opened WMT @ 2010-06-30 | Signal: -1.7657
INFO:root:\U0001f4e5 Opened XOM @ 2010-06-30 | Signal: 3.4514
INFO:root:\U0001f4e5 Opened WMT @ 2010-06-30 | Signal: 3.0375
INFO:root:\U0001f4e5 Opened AMD @ 2010-06-30 | Signal: -1.2794
INFO:root:\U0001f4e5 Opened INTC @ 2010-06-30 | Signal: -0.7914
INFO:root:\U0001f4e5 Opened CVX @ 2010-06-30 | Signal: -0.9494
INFO:root:\U0001f4e5 Opened XOM @ 2010-06-30 | Signal: -0.7651
INFO:root:\U0001f4e5 Opened INTC @ 2010-06-30 | Signal: 0.0112
INFO:root:\U0001f4e5 Opened CVX @ 2010-06-30 | Signal: -2.8810
INFO:root:\U0001f4e5 Opened INTC @ 2010-06-30 | Signal: 3.0809
INFO:root:\U0001f4e5 Opened XOM @ 2010-06-30 | Signal: 1.7464
INFO:root:\U0001f4e5 Opened INTC @ 2010-06-30 | Signal: -1.3586
INFO:root:\U0001f4e5 Opened XOM @ 2010-06-30 | Signal: -0.8395
INFO:root:\U0001f4e5 Opened INTC @ 2010-06-30 | Signal: -3.2038
INFO:root:\U0001f4e5 Opened BP @ 2010-06-30 | Signal: 0.3377
INFO:root:\U0001f4e5 Opened INTC @ 2010-06-30 | Signal: -0.2704
INFO:root:\U0001f4e5 Opened PG @ 2010-06-30 | Signal: 2.0637
INFO:root:\U0001f4e5 Opened CVX @ 2010-06-30 | Signal: 1.1098
INFO:root:\U0001f4e5 Opened PG @ 2010-06-30 | Signal: 1.3709
INFO:root:\U0001f4e5 Opened INTC @ 2010-06-30 | Signal: -1.6937
INFO:root:\U0001f4e5 Opened XOM @ 2010-06-30 | Signal: -1.8904
INFO:root:\U0001f4e5 Opened BP @ 2010-06-30 | Signal: -3.4172
INFO:root:\U0001f4e5 Opened CVX @ 2010-06-30 | Signal: 0.1786
INFO:root:\U0001f4e5 Opened XOM @ 2010-06-30 | Signal: -0.7072
INFO:root:\U0001f4e5 Opened BP @ 2010-06-30 | Signal: 3.0705
INFO:root:\U0001f4e5 Opened XOM @ 2010-06-30 | Signal: -2.3492
INFO:root:\U0001f4e5 Opened CVX @ 2010-06-30 | Signal: 2.1776
INFO:root:\U0001f4e5 Opened XOM @ 2010-06-30 | Signal: -3.6903
INFO:root:\U0001f4e5 Opened CVX @ 2010-06-30 | Signal: -2.6490
INFO:root:\U0001f4e5 Opened XOM @ 2010-06-30 | Signal: -0.4555
INFO:root:\U0001f4e5 Opened JPM @ 2010-06-30 | Signal: 0.7770
INFO:root:\U0001f4e5 Opened XOM @ 2010-06-30 | Signal: 4.0028
INFO:root:\U0001f4e5 Opened UNH @ 2010-06-30 | Signal: -3.5233
INFO:root:\U0001f4e5 Opened BP @ 2010-06-30 | Signal: 3.0896
INFO:root:\U0001f4e5 Opened UNH @ 2010-06-30 | Signal: -3.9166
INFO:root:\U0001f4e5 Opened XOM @ 2010-06-30 | Signal: -3.0847
INFO:root:\U0001f4e5 Opened CVX @ 2010-06-30 | Signal: 3.7579
INFO:root:\U0001f4e5 Opened JPM @ 2010-06-30 | Signal: -1.0939
INFO:root:\U0001f4e5 Opened BP @ 2010-06-30 | Signal: 3.8103
INFO:root:\U0001f4e5 Opened CVX @ 2010-06-30 | Signal: -2.5373
INFO:root:\U0001f4e5 Opened JPM @ 2010-06-30 | Signal: -3.6891
INFO:root:\U0001f4e5 Opened CVX @ 2010-06-30 | Signal: -3.4409
INFO:root:\U0001f4e5 Opened BP @ 2010-06-30 | Signal: -2.1463
INFO:root:\U0001f4e5 Opened CVX @ 2010-06-30 | Signal: 0.5460
INFO:root:\U0001f4e5 Opened BP @ 2010-06-30 | Signal: 0.8006
INFO:root:\U0001f4e5 Opened CVX @ 2010-06-30 | Signal: -2.9762
INFO:root:\U0001f4e5 Opened BAC @ 2010-06-30 | Signal: 2.8412
INFO:root:\U0001f4e5 Opened CVX @ 2010-06-30 | Signal: -2.3891
INFO:root:\U0001f4e5 Opened DIS @ 2010-06-30 | Signal: 3.1913
INFO:root:\U0001f4e5 Opened JPM @ 2010-06-30 | Signal: 1.4385
INFO:root:\U0001f4e5 Opened DIS @ 2010-06-30 | Signal: 1.8300
INFO:root:\U0001f4e5 Opened CVX @ 2010-06-30 | Signal: 3.4621
INFO:root:\U0001f4e5 Opened BP @ 2010-06-30 | Signal: -3.2736
INFO:root:\U0001f4e5 Opened BAC @ 2010-06-30 | Signal: 2.9968
INFO:root:\U0001f4e5 Opened JPM @ 2010-06-30 | Signal: -1.8951
INFO:root:\U0001f4e5 Opened BP @ 2010-06-30 | Signal: -1.7068
INFO:root:\U0001f4e5 Opened BAC @ 2010-06-30 | Signal: 1.8006
INFO:root:\U0001f4e5 Opened BP @ 2010-06-30 | Signal: 3.9748
INFO:root:\U0001f4e5 Opened JPM @ 2010-06-30 | Signal: -3.2233
INFO:root:\U0001f4e5 Opened BP @ 2010-06-30 | Signal: 1.0054
INFO:root:\U0001f4e5 Opened JPM @ 2010-06-30 | Signal: 0.0729
INFO:root:\U0001f4e5 Opened BP @ 2010-06-30 | Signal: 2.4573
INFO:root:\U0001f4e5 Opened WMT @ 2010-06-30 | Signal: -2.1060
INFO:root:\U0001f4e5 Opened BP @ 2010-06-30 | Signal: 0.0117
INFO:root:\U0001f4e5 Opened V @ 2010-06-30 | Signal: -3.5570
INFO:root:\U0001f4e5 Opened BAC @ 2010-06-30 | Signal: 0.1652
INFO:root:\U0001f4e5 Opened V @ 2010-06-30 | Signal: -1.4727
INFO:root:\U0001f4e5 Opened BP @ 2010-06-30 | Signal: -1.3901
INFO:root:\U0001f4e5 Opened JPM @ 2010-06-30 | Signal: 3.6946
INFO:root:\U0001f4e5 Opened WMT @ 2010-06-30 | Signal: -2.8600
INFO:root:\U0001f4e5 Opened BAC @ 2010-06-30 | Signal: -1.0334
INFO:root:\U0001f4e5 Opened JPM @ 2010-06-30 | Signal: -1.1765
INFO:root:\U0001f4e5 Opened WMT @ 2010-06-30 | Signal: 2.3341
INFO:root:\U0001f4e5 Opened JPM @ 2010-06-30 | Signal: -3.4563
INFO:root:\U0001f4e5 Opened BAC @ 2010-06-30 | Signal: -1.7088
INFO:root:\U0001f4e5 Opened JPM @ 2010-06-30 | Signal: 1.0014
INFO:root:\U0001f4e5 Opened BAC @ 2010-06-30 | Signal: -0.2935
INFO:root:\U0001f4e5 Opened JPM @ 2010-06-30 | Signal: -0.1455
INFO:root:\U0001f4e5 Opened PG @ 2010-06-30 | Signal: 0.1920
INFO:root:\U0001f4e5 Opened JPM @ 2010-06-30 | Signal: -2.6950
INFO:root:\U0001f4e5 Opened KO @ 2010-06-30 | Signal: 1.2211
INFO:root:\U0001f4e5 Opened WMT @ 2010-06-30 | Signal: -2.9402
INFO:root:\U0001f4e5 Opened KO @ 2010-06-30 | Signal: 2.6267
INFO:root:\U0001f4e5 Opened JPM @ 2010-06-30 | Signal: -0.2829
INFO:root:\U0001f4e5 Opened BAC @ 2010-06-30 | Signal: -1.8405
INFO:root:\U0001f4e5 Opened PG @ 2010-06-30 | Signal: -3.6449
INFO:root:\U0001f4e5 Opened WMT @ 2010-06-30 | Signal: -3.7912
INFO:root:\U0001f4e5 Opened BAC @ 2010-06-30 | Signal: -1.3603
INFO:root:\U0001f4e5 Opened PG @ 2010-06-30 | Signal: 3.8469
INFO:root:\U0001f4e5 Opened BAC @ 2010-06-30 | Signal: -3.9207
INFO:root:\U0001f4e5 Opened WMT @ 2010-06-30 | Signal: -1.0109
INFO:root:\U0001f4e5 Opened BAC @ 2010-06-30 | Signal: -0.4466
INFO:root:\U0001f4e5 Opened WMT @ 2010-06-30 | Signal: 2.4452
INFO:root:\U0001f4e5 Opened BAC @ 2010-06-30 | Signal: 0.0495
INFO:root:\U0001f4e5 Opened UNH @ 2010-06-30 | Signal: 3.2558
INFO:root:\U0001f4e5 Opened BAC @ 2010-06-30 | Signal: -3.0940
INFO:root:\U0001f4e5 Opened JNJ @ 2010-06-30 | Signal: -1.1970
INFO:root:\U0001f4e5 Opened PG @ 2010-06-30 | Signal: 0.0627
INFO:root:\U0001f4e5 Opened JNJ @ 2010-06-30 | Signal: -2.1019
INFO:root:\U0001f4e5 Opened BAC @ 2010-06-30 | Signal: 1.9171
INFO:root:\U0001f4e5 Opened WMT @ 2010-06-30 | Signal: 3.5400
INFO:root:\U0001f4e5 Opened UNH @ 2010-06-30 | Signal: 2.7742
INFO:root:\U0001f4e5 Opened PG @ 2010-06-30 | Signal: -1.5813
INFO:root:\U0001f4e5 Opened WMT @ 2010-06-30 | Signal: -0.8789
INFO:root:\U0001f4e5 Opened UNH @ 2010-06-30 | Signal: -2.3849
INFO:root:\U0001f4e5 Opened WMT @ 2010-06-30 | Signal: 2.2001
INFO:root:\U0001f4e5 Opened PG @ 2010-06-30 | Signal: -1.1378
INFO:root:\U0001f4e5 Opened WMT @ 2010-06-30 | Signal: 3.4576
INFO:root:\U0001f4e5 Opened PG @ 2010-06-30 | Signal: 1.6299
INFO:root:\U0001f4e5 Opened WMT @ 2010-06-30 | Signal: -0.3452
INFO:root:\U0001f4e5 Opened DIS @ 2010-06-30 | Signal: -0.5546
INFO:root:\U0001f4e5 Opened WMT @ 2010-06-30 | Signal: -0.8458
INFO:root:\U0001f4e5 Opened AAPL @ 2010-06-30 | Signal: -3.7360
INFO:root:\U0001f4e5 Opened UNH @ 2010-06-30 | Signal: -3.9499
INFO:root:\U0001f4e5 Opened AAPL @ 2010-06-30 | Signal: -0.8518
INFO:root:\U0001f4e5 Opened WMT @ 2010-06-30 | Signal: 0.5269
INFO:root:\U0001f4e5 Opened PG @ 2010-06-30 | Signal: 1.4529
INFO:root:\U0001f4e5 Opened DIS @ 2010-06-30 | Signal: 2.3023
INFO:root:\U0001f4e5 Opened UNH @ 2010-06-30 | Signal: -0.1950
INFO:root:\U0001f4e5 Opened PG @ 2010-06-30 | Signal: 2.7140
INFO:root:\U0001f4e5 Opened DIS @ 2010-06-30 | Signal: 2.9298
INFO:root:\U0001f4e5 Opened PG @ 2010-06-30 | Signal: 2.0304
INFO:root:\U0001f4e5 Opened UNH @ 2010-06-30 | Signal: -2.0672
INFO:root:\U0001f4e5 Opened PG @ 2010-06-30 | Signal: 1.2234
INFO:root:\U0001f4e5 Opened UNH @ 2010-06-30 | Signal: -2.7013
INFO:root:\U0001f4e5 Opened PG @ 2010-06-30 | Signal: 1.7988
INFO:root:\U0001f4e5 Opened V @ 2010-06-30 | Signal: -0.4305
INFO:root:\U0001f4e5 Opened PG @ 2010-06-30 | Signal: 0.5370
INFO:root:\U0001f4e5 Opened MSFT @ 2010-06-30 | Signal: 0.5243
INFO:root:\U0001f4e5 Opened DIS @ 2010-06-30 | Signal: -1.8435
INFO:root:\U0001f4e5 Opened MSFT @ 2010-06-30 | Signal: -3.6875
INFO:root:\U0001f4e5 Opened PG @ 2010-06-30 | Signal: 3.7456
INFO:root:\U0001f4e5 Opened UNH @ 2010-06-30 | Signal: 3.6589
INFO:root:\U0001f4e5 Opened V @ 2010-06-30 | Signal: -0.5283
INFO:root:\U0001f4e5 Opened DIS @ 2010-06-30 | Signal: 0.3838
INFO:root:\U0001f4e5 Opened UNH @ 2010-06-30 | Signal: 1.3716
INFO:root:\U0001f4e5 Opened V @ 2010-06-30 | Signal: 3.6534
INFO:root:\U0001f4e5 Opened UNH @ 2010-06-30 | Signal: 1.9456
INFO:root:\U0001f4e5 Opened DIS @ 2010-06-30 | Signal: -3.7028
INFO:root:\U0001f4e5 Opened UNH @ 2010-06-30 | Signal: 1.3968
INFO:root:\U0001f4e5 Opened DIS @ 2010-06-30 | Signal: -3.8891
INFO:root:\U0001f4e5 Opened UNH @ 2010-06-30 | Signal: 0.2950
INFO:root:\U0001f4e5 Opened KO @ 2010-06-30 | Signal: 0.0855
INFO:root:\U0001f4e5 Opened UNH @ 2010-06-30 | Signal: 0.2168
INFO:root:\U0001f4e5 Opened GOOGL @ 2010-06-30 | Signal: 3.5150
INFO:root:\U0001f4e5 Opened V @ 2010-06-30 | Signal: 3.2769
INFO:root:\U0001f4e5 Opened GOOGL @ 2010-06-30 | Signal: 1.6642
INFO:root:\U0001f4e5 Opened UNH @ 2010-06-30 | Signal: -0.3251
INFO:root:\U0001f4e5 Opened DIS @ 2010-06-30 | Signal: -3.1577
INFO:root:\U0001f4e5 Opened KO @ 2010-06-30 | Signal: 1.5195
INFO:root:\U0001f4e5 Opened V @ 2010-06-30 | Signal: -2.8892
INFO:root:\U0001f4e5 Opened DIS @ 2010-06-30 | Signal: -4.0014
INFO:root:\U0001f4e5 Opened KO @ 2010-06-30 | Signal: 3.1647
INFO:root:\U0001f4e5 Opened DIS @ 2010-06-30 | Signal: 2.0931
INFO:root:\U0001f4e5 Opened V @ 2010-06-30 | Signal: 0.6786
INFO:root:\U0001f4e5 Opened DIS @ 2010-06-30 | Signal: 1.5281
INFO:root:\U0001f4e5 Opened V @ 2010-06-30 | Signal: 2.5492
INFO:root:\U0001f4e5 Opened DIS @ 2010-06-30 | Signal: -0.1005
INFO:root:\U0001f4e5 Opened JNJ @ 2010-06-30 | Signal: 0.8309
INFO:root:\U0001f4e5 Opened DIS @ 2010-06-30 | Signal: 1.3692
INFO:root:\U0001f4e5 Opened AMZN @ 2010-06-30 | Signal: 2.6649
INFO:root:\U0001f4e5 Opened KO @ 2010-06-30 | Signal: -0.8981
INFO:root:\U0001f4e5 Opened AMZN @ 2010-06-30 | Signal: -0.6146
INFO:root:\U0001f4e5 Opened DIS @ 2010-06-30 | Signal: 2.5817
INFO:root:\U0001f4e5 Opened V @ 2010-06-30 | Signal: -0.5041
INFO:root:\U0001f4e5 Opened JNJ @ 2010-06-30 | Signal: -1.2106
INFO:root:\U0001f4e5 Opened KO @ 2010-06-30 | Signal: 1.1057
INFO:root:\U0001f4e5 Opened V @ 2010-06-30 | Signal: -3.8688
INFO:root:\U0001f4e5 Opened JNJ @ 2010-06-30 | Signal: 3.4190
INFO:root:\U0001f4e5 Opened V @ 2010-06-30 | Signal: -2.7399
INFO:root:\U0001f4e5 Opened KO @ 2010-06-30 | Signal: -1.1865
INFO:root:\U0001f4e5 Opened V @ 2010-06-30 | Signal: 0.8029
INFO:root:\U0001f4e5 Opened KO @ 2010-06-30 | Signal: 2.9141
INFO:root:\U0001f4e5 Opened V @ 2010-06-30 | Signal: 2.8718
INFO:root:\U0001f4e5 Opened AAPL @ 2010-06-30 | Signal: -2.1218
INFO:root:\U0001f4e5 Opened V @ 2010-06-30 | Signal: 2.7759
INFO:root:\U0001f4e5 Opened TSLA @ 2010-06-30 | Signal: -1.1814
INFO:root:\U0001f4e5 Opened JNJ @ 2010-06-30 | Signal: 1.3437
INFO:root:\U0001f4e5 Opened TSLA @ 2010-06-30 | Signal: 3.4616
INFO:root:\U0001f4e5 Opened V @ 2010-06-30 | Signal: -1.3568
INFO:root:\U0001f4e5 Opened KO @ 2010-06-30 | Signal: 0.9122
INFO:root:\U0001f4e5 Opened AAPL @ 2010-06-30 | Signal: -2.4099
INFO:root:\U0001f4e5 Opened JNJ @ 2010-06-30 | Signal: -1.6521
INFO:root:\U0001f4e5 Opened KO @ 2010-06-30 | Signal: -2.2417
INFO:root:\U0001f4e5 Opened AAPL @ 2010-06-30 | Signal: 3.4929
INFO:root:\U0001f4e5 Opened KO @ 2010-06-30 | Signal: -2.0772
INFO:root:\U0001f4e5 Opened JNJ @ 2010-06-30 | Signal: -0.1730
INFO:root:\U0001f4e5 Opened KO @ 2010-06-30 | Signal: -2.6227
INFO:root:\U0001f4e5 Opened JNJ @ 2010-06-30 | Signal: 2.9032
INFO:root:\U0001f4e5 Opened KO @ 2010-06-30 | Signal: -2.4481
INFO:root:\U0001f4e5 Opened MSFT @ 2010-06-30 | Signal: 0.8288
INFO:root:\U0001f4e5 Opened KO @ 2010-06-30 | Signal: 3.6959
INFO:root:\U0001f4e5 Opened NVDA @ 2010-06-30 | Signal: -2.5505
INFO:root:\U0001f4e5 Opened AAPL @ 2010-06-30 | Signal: 2.6665
INFO:root:\U0001f4e5 Opened NVDA @ 2010-06-30 | Signal: -2.3328
INFO:root:\U0001f4e5 Opened KO @ 2010-06-30 | Signal: -2.2104
INFO:root:\U0001f4e5 Opened JNJ @ 2010-06-30 | Signal: 3.0043
INFO:root:\U0001f4e5 Opened MSFT @ 2010-06-30 | Signal: 0.3367
INFO:root:\U0001f4e5 Opened AAPL @ 2010-06-30 | Signal: -1.6892
INFO:root:\U0001f4e5 Opened JNJ @ 2010-06-30 | Signal: -2.1313
INFO:root:\U0001f4e5 Opened MSFT @ 2010-06-30 | Signal: 3.8350
INFO:root:\U0001f4e5 Opened JNJ @ 2010-06-30 | Signal: -3.4003
INFO:root:\U0001f4e5 Opened AAPL @ 2010-06-30 | Signal: -2.0212
INFO:root:\U0001f4e5 Opened JNJ @ 2010-06-30 | Signal: 2.4420
INFO:root:\U0001f4e5 Opened AAPL @ 2010-06-30 | Signal: -3.4553
INFO:root:\U0001f4e5 Opened JNJ @ 2010-06-30 | Signal: 1.1584
INFO:root:\U0001f4e5 Opened GOOGL @ 2010-06-30 | Signal: 3.4307
INFO:root:\U0001f4e5 Opened JNJ @ 2010-06-30 | Signal: -1.4771
INFO:root:\U0001f4e5 Opened AMD @ 2010-06-30 | Signal: 3.0175
INFO:root:\U0001f4e5 Opened MSFT @ 2010-06-30 | Signal: 2.3768
INFO:root:\U0001f4e5 Opened AMD @ 2010-06-30 | Signal: -0.8515
INFO:root:\U0001f4e5 Opened JNJ @ 2010-06-30 | Signal: -1.5750
INFO:root:\U0001f4e5 Opened AAPL @ 2010-06-30 | Signal: 1.9292
INFO:root:\U0001f4e5 Opened GOOGL @ 2010-06-30 | Signal: -2.1266
INFO:root:\U0001f4e5 Opened MSFT @ 2010-06-30 | Signal: -2.2471
INFO:root:\U0001f4e5 Opened AAPL @ 2010-06-30 | Signal: 0.7491
INFO:root:\U0001f4e5 Opened GOOGL @ 2010-06-30 | Signal: 1.1494
INFO:root:\U0001f4e5 Opened AAPL @ 2010-06-30 | Signal: -3.6699
INFO:root:\U0001f4e5 Opened MSFT @ 2010-06-30 | Signal: -3.9330
INFO:root:\U0001f4e5 Opened AAPL @ 2010-06-30 | Signal: -0.0904
INFO:root:\U0001f4e5 Opened MSFT @ 2010-06-30 | Signal: 3.6215
INFO:root:\U0001f4e5 Opened AAPL @ 2010-06-30 | Signal: 3.7209
INFO:root:\U0001f4e5 Opened AMZN @ 2010-06-30 | Signal: -3.7894
INFO:root:\U0001f4e5 Opened AAPL @ 2010-06-30 | Signal: 0.6381
INFO:root:\U0001f4e5 Opened INTC @ 2010-06-30 | Signal: -2.2104
INFO:root:\U0001f4e5 Opened GOOGL @ 2010-06-30 | Signal: 2.4525
INFO:root:\U0001f4e5 Opened INTC @ 2010-06-30 | Signal: -2.7536
INFO:root:\U0001f4e5 Opened AAPL @ 2010-06-30 | Signal: 2.5609
INFO:root:\U0001f4e5 Opened MSFT @ 2010-06-30 | Signal: -2.1851
INFO:root:\U0001f4e5 Opened AMZN @ 2010-06-30 | Signal: -1.9701
INFO:root:\U0001f4e5 Opened GOOGL @ 2010-06-30 | Signal: 2.0510
INFO:root:\U0001f4e5 Opened MSFT @ 2010-06-30 | Signal: 0.2297
INFO:root:\U0001f4e5 Opened AMZN @ 2010-06-30 | Signal: -2.2747
INFO:root:\U0001f4e5 Opened MSFT @ 2010-06-30 | Signal: -2.9721
INFO:root:\U0001f4e5 Opened GOOGL @ 2010-06-30 | Signal: 0.1568
INFO:root:\U0001f4e5 Opened MSFT @ 2010-06-30 | Signal: -3.5711
INFO:root:\U0001f4e5 Opened GOOGL @ 2010-06-30 | Signal: 0.0686
INFO:root:\U0001f4e5 Opened MSFT @ 2010-06-30 | Signal: -0.4259
INFO:root:\U0001f4e5 Opened TSLA @ 2010-06-30 | Signal: 1.3004
INFO:root:\U0001f4e5 Opened MSFT @ 2010-06-30 | Signal: -3.3398
INFO:root:\U0001f4e5 Opened XOM @ 2010-06-30 | Signal: -0.7662
INFO:root:\U0001f4e5 Opened AMZN @ 2010-06-30 | Signal: 0.3851
INFO:root:\U0001f4e5 Opened XOM @ 2010-06-30 | Signal: -3.5357
INFO:root:\U0001f4e5 Opened MSFT @ 2010-06-30 | Signal: 1.8569
INFO:root:\U0001f4e5 Opened GOOGL @ 2010-06-30 | Signal: -0.4149
INFO:root:\U0001f4e5 Opened TSLA @ 2010-06-30 | Signal: 1.8473
INFO:root:\U0001f4e5 Opened AMZN @ 2010-06-30 | Signal: 1.1919
INFO:root:\U0001f4e5 Opened GOOGL @ 2010-06-30 | Signal: -3.3365
INFO:root:\U0001f4e5 Opened TSLA @ 2010-06-30 | Signal: -1.1694
INFO:root:\U0001f4e5 Opened GOOGL @ 2010-06-30 | Signal: -3.7498
INFO:root:\U0001f4e5 Opened AMZN @ 2010-06-30 | Signal: 3.8431
INFO:root:\U0001f4e5 Opened GOOGL @ 2010-06-30 | Signal: -3.8494
INFO:root:\U0001f4e5 Opened AMZN @ 2010-06-30 | Signal: -2.3840
INFO:root:\U0001f4e5 Opened GOOGL @ 2010-06-30 | Signal: -3.5728
INFO:root:\U0001f4e5 Opened NVDA @ 2010-06-30 | Signal: 0.0067
INFO:root:\U0001f4e5 Opened GOOGL @ 2010-06-30 | Signal: 2.3716
INFO:root:\U0001f4e5 Opened CVX @ 2010-06-30 | Signal: 2.6094
INFO:root:\U0001f4e5 Opened TSLA @ 2010-06-30 | Signal: -0.8214
INFO:root:\U0001f4e5 Opened CVX @ 2010-06-30 | Signal: -1.9126
INFO:root:\U0001f4e5 Opened GOOGL @ 2010-06-30 | Signal: -1.1953
INFO:root:\U0001f4e5 Opened AMZN @ 2010-06-30 | Signal: 2.5098
INFO:root:\U0001f4e5 Opened NVDA @ 2010-06-30 | Signal: 0.4638
INFO:root:\U0001f4e5 Opened TSLA @ 2010-06-30 | Signal: 3.7366
INFO:root:\U0001f4e5 Opened AMZN @ 2010-06-30 | Signal: -1.2198
INFO:root:\U0001f4e5 Opened NVDA @ 2010-06-30 | Signal: 0.8051
INFO:root:\U0001f4e5 Opened AMZN @ 2010-06-30 | Signal: 3.3089
INFO:root:\U0001f4e5 Opened TSLA @ 2010-06-30 | Signal: -0.6261
INFO:root:\U0001f4e5 Opened AMZN @ 2010-06-30 | Signal: -3.7861
INFO:root:\U0001f4e5 Opened TSLA @ 2010-06-30 | Signal: -2.7175
INFO:root:\U0001f4e5 Opened AMZN @ 2010-06-30 | Signal: -1.4336
INFO:root:\U0001f4e5 Opened AMD @ 2010-06-30 | Signal: -0.7234
INFO:root:\U0001f4e5 Opened AMZN @ 2010-06-30 | Signal: -0.2594
INFO:root:\U0001f4e5 Opened BP @ 2010-06-30 | Signal: -0.9704
INFO:root:\U0001f4e5 Opened NVDA @ 2010-06-30 | Signal: 3.9555
INFO:root:\U0001f4e5 Opened BP @ 2010-06-30 | Signal: -2.0796
INFO:root:\U0001f4e5 Opened AMZN @ 2010-06-30 | Signal: 1.0531
INFO:root:\U0001f4e5 Opened TSLA @ 2010-06-30 | Signal: 3.5450
INFO:root:\U0001f4e5 Opened AMD @ 2010-06-30 | Signal: 2.1090
INFO:root:\U0001f4e5 Opened NVDA @ 2010-06-30 | Signal: -2.3403
INFO:root:\U0001f4e5 Opened TSLA @ 2010-06-30 | Signal: -3.6923
INFO:root:\U0001f4e5 Opened AMD @ 2010-06-30 | Signal: 0.9909
INFO:root:\U0001f4e5 Opened TSLA @ 2010-06-30 | Signal: 3.5454
INFO:root:\U0001f4e5 Opened NVDA @ 2010-06-30 | Signal: -0.3392
INFO:root:\U0001f4e5 Opened TSLA @ 2010-06-30 | Signal: 0.2817
INFO:root:\U0001f4e5 Opened NVDA @ 2010-06-30 | Signal: 1.9330
INFO:root:\U0001f4e5 Opened TSLA @ 2010-06-30 | Signal: 0.6103
INFO:root:\U0001f4e5 Opened INTC @ 2010-06-30 | Signal: 3.2139
INFO:root:\U0001f4e5 Opened TSLA @ 2010-06-30 | Signal: -3.3899
INFO:root:\U0001f4e5 Opened JPM @ 2010-06-30 | Signal: -1.5305
INFO:root:\U0001f4e5 Opened AMD @ 2010-06-30 | Signal: -1.1410
INFO:root:\U0001f4e5 Opened JPM @ 2010-06-30 | Signal: -2.7541
INFO:root:\U0001f4e5 Opened TSLA @ 2010-06-30 | Signal: 2.2592
INFO:root:\U0001f4e5 Opened NVDA @ 2010-06-30 | Signal: -3.5946
INFO:root:\U0001f4e5 Opened INTC @ 2010-06-30 | Signal: -0.3515
INFO:root:\U0001f4e5 Opened AMD @ 2010-06-30 | Signal: -2.1278
INFO:root:\U0001f4e5 Opened NVDA @ 2010-06-30 | Signal: 1.9292
INFO:root:\U0001f4e5 Opened INTC @ 2010-06-30 | Signal: 0.2026
INFO:root:\U0001f4e5 Opened NVDA @ 2010-06-30 | Signal: 1.5983
INFO:root:\U0001f4e5 Opened AMD @ 2010-06-30 | Signal: 3.9721
INFO:root:\U0001f4e5 Opened NVDA @ 2010-06-30 | Signal: 0.9126
INFO:root:\U0001f4e5 Opened AMD @ 2010-06-30 | Signal: -0.6976
INFO:root:\U0001f4e5 Opened NVDA @ 2010-06-30 | Signal: -3.2845
INFO:root:\U0001f4e5 Opened XOM @ 2010-06-30 | Signal: -4.0013
INFO:root:\U0001f4e5 Opened NVDA @ 2010-06-30 | Signal: -0.9317
INFO:root:\U0001f4e5 Opened BAC @ 2010-06-30 | Signal: 3.8008
INFO:root:\U0001f4e5 Opened INTC @ 2010-06-30 | Signal: 0.5662
INFO:root:\U0001f4e5 Opened BAC @ 2010-06-30 | Signal: 3.9187
INFO:root:\U0001f4e5 Opened NVDA @ 2010-06-30 | Signal: -1.6907
INFO:root:\U0001f4e5 Opened AMD @ 2010-06-30 | Signal: 1.0711
INFO:root:\U0001f4e5 Opened XOM @ 2010-06-30 | Signal: 3.7602
INFO:root:\U0001f4e5 Opened INTC @ 2010-06-30 | Signal: -1.0147
INFO:root:\U0001f4e5 Opened AMD @ 2010-06-30 | Signal: -2.0999
INFO:root:\U0001f4e5 Opened XOM @ 2010-06-30 | Signal: -2.5418
INFO:root:\U0001f4e5 Opened AMD @ 2010-06-30 | Signal: -3.4756
INFO:root:\U0001f4e5 Opened INTC @ 2010-06-30 | Signal: -0.6656
INFO:root:\U0001f4e5 Opened AMD @ 2010-06-30 | Signal: 3.6599
INFO:root:\U0001f4e5 Opened INTC @ 2010-06-30 | Signal: -3.6623
INFO:root:\U0001f4e5 Opened AMD @ 2010-06-30 | Signal: 2.7182
INFO:root:\U0001f4e5 Opened CVX @ 2010-06-30 | Signal: -3.8639
INFO:root:\U0001f4e5 Opened AMD @ 2010-06-30 | Signal: 1.8672
INFO:root:\U0001f4e5 Opened WMT @ 2010-06-30 | Signal: 2.4538
INFO:root:\U0001f4e5 Opened XOM @ 2010-06-30 | Signal: 0.5275
INFO:root:\U0001f4e5 Opened WMT @ 2010-06-30 | Signal: 0.6322
INFO:root:\U0001f4e5 Opened AMD @ 2010-06-30 | Signal: -2.6626
INFO:root:\U0001f4e5 Opened INTC @ 2010-06-30 | Signal: 1.9785
INFO:root:\U0001f4e5 Opened CVX @ 2010-06-30 | Signal: 1.2473
INFO:root:\U0001f4e5 Opened XOM @ 2010-06-30 | Signal: -0.9606
INFO:root:\U0001f4e5 Opened INTC @ 2010-06-30 | Signal: -2.0620
INFO:root:\U0001f4e5 Opened CVX @ 2010-06-30 | Signal: -0.1320
INFO:root:\U0001f4e5 Opened INTC @ 2010-06-30 | Signal: 1.7502
INFO:root:\U0001f4e5 Opened XOM @ 2010-06-30 | Signal: -2.6432
INFO:root:\U0001f4e5 Opened INTC @ 2010-06-30 | Signal: 3.9861
INFO:root:\U0001f4e5 Opened XOM @ 2010-06-30 | Signal: -3.1151
INFO:root:\U0001f4e5 Opened INTC @ 2010-06-30 | Signal: 3.6074
INFO:root:\U0001f4e5 Opened BP @ 2010-06-30 | Signal: -2.9310
INFO:root:\U0001f4e5 Opened INTC @ 2010-06-30 | Signal: -1.7789
INFO:root:\U0001f4e5 Opened PG @ 2010-06-30 | Signal: -3.7660
INFO:root:\U0001f4e5 Opened CVX @ 2010-06-30 | Signal: 0.8947
INFO:root:\U0001f4e5 Opened PG @ 2010-06-30 | Signal: -0.5840
INFO:root:\U0001f4e5 Opened INTC @ 2010-06-30 | Signal: -2.2826
INFO:root:\U0001f4e5 Opened XOM @ 2010-06-30 | Signal: -0.5571
INFO:root:\U0001f4e5 Opened BP @ 2010-06-30 | Signal: 3.0461
INFO:root:\U0001f4e5 Opened CVX @ 2010-06-30 | Signal: -1.4772
INFO:root:\U0001f4e5 Opened XOM @ 2010-06-30 | Signal: -3.0411
INFO:root:\U0001f4e5 Opened BP @ 2010-06-30 | Signal: -3.4537
INFO:root:\U0001f4e5 Opened XOM @ 2010-06-30 | Signal: -2.5335
INFO:root:\U0001f4e5 Opened CVX @ 2010-06-30 | Signal: -3.0497
INFO:root:\U0001f4e5 Opened XOM @ 2010-06-30 | Signal: 0.0814
INFO:root:\U0001f4e5 Opened CVX @ 2010-06-30 | Signal: -2.4559
INFO:root:\U0001f4e5 Opened XOM @ 2010-06-30 | Signal: -2.9914
INFO:root:\U0001f4e5 Opened JPM @ 2010-06-30 | Signal: -0.8045
INFO:root:\U0001f4e5 Opened XOM @ 2010-06-30 | Signal: 3.8149
INFO:root:\U0001f4e5 Opened UNH @ 2010-06-30 | Signal: -2.5255
INFO:root:\U0001f4e5 Opened BP @ 2010-06-30 | Signal: 0.1161
INFO:root:\U0001f4e5 Opened UNH @ 2010-06-30 | Signal: 1.5375
INFO:root:\U0001f4e5 Opened XOM @ 2010-06-30 | Signal: 1.1491
INFO:root:\U0001f4e5 Opened CVX @ 2010-06-30 | Signal: -0.4388
INFO:root:\U0001f4e5 Opened JPM @ 2010-06-30 | Signal: -3.4993
INFO:root:\U0001f4e5 Opened BP @ 2010-06-30 | Signal: 2.1378
INFO:root:\U0001f4e5 Opened CVX @ 2010-06-30 | Signal: -0.5207
INFO:root:\U0001f4e5 Opened JPM @ 2010-06-30 | Signal: -3.5843
INFO:root:\U0001f4e5 Opened CVX @ 2010-06-30 | Signal: 0.8609
INFO:root:\U0001f4e5 Opened BP @ 2010-06-30 | Signal: -3.1022
INFO:root:\U0001f4e5 Opened CVX @ 2010-06-30 | Signal: 3.5842
INFO:root:\U0001f4e5 Opened BP @ 2010-06-30 | Signal: 2.4740
INFO:root:\U0001f4e5 Opened CVX @ 2010-06-30 | Signal: -2.2482
INFO:root:\U0001f4e5 Opened BAC @ 2010-06-30 | Signal: -1.1346
INFO:root:\U0001f4e5 Opened CVX @ 2010-06-30 | Signal: -2.9641
INFO:root:\U0001f4e5 Opened DIS @ 2010-06-30 | Signal: -2.7217
INFO:root:\U0001f4e5 Opened JPM @ 2010-06-30 | Signal: -3.7946
INFO:root:\U0001f4e5 Opened DIS @ 2010-06-30 | Signal: -3.6605
INFO:root:\U0001f4e5 Opened CVX @ 2010-06-30 | Signal: -1.5094
INFO:root:\U0001f4e5 Opened BP @ 2010-06-30 | Signal: -2.0340
INFO:root:\U0001f4e5 Opened BAC @ 2010-06-30 | Signal: -0.1987
INFO:root:\U0001f4e5 Opened JPM @ 2010-06-30 | Signal: -0.0036
INFO:root:\U0001f4e5 Opened BP @ 2010-06-30 | Signal: 0.6191
INFO:root:\U0001f4e5 Opened BAC @ 2010-06-30 | Signal: -3.6264
INFO:root:\U0001f4e5 Opened BP @ 2010-06-30 | Signal: -0.2155
INFO:root:\U0001f4e5 Opened JPM @ 2010-06-30 | Signal: -3.7043
INFO:root:\U0001f4e5 Opened BP @ 2010-06-30 | Signal: 3.6050
INFO:root:\U0001f4e5 Opened JPM @ 2010-06-30 | Signal: -2.8188
INFO:root:\U0001f4e5 Opened BP @ 2010-06-30 | Signal: -2.0493
INFO:root:\U0001f4e5 Opened WMT @ 2010-06-30 | Signal: 0.5520
INFO:root:\U0001f4e5 Opened BP @ 2010-06-30 | Signal: -1.1258
INFO:root:\U0001f4e5 Opened V @ 2010-06-30 | Signal: -0.8769
INFO:root:\U0001f4e5 Opened BAC @ 2010-06-30 | Signal: 0.9841
INFO:root:\U0001f4e5 Opened V @ 2010-06-30 | Signal: -1.9603
INFO:root:\U0001f4e5 Opened BP @ 2010-06-30 | Signal: -1.1738
INFO:root:\U0001f4e5 Opened JPM @ 2010-06-30 | Signal: 0.8155
INFO:root:\U0001f4e5 Opened WMT @ 2010-06-30 | Signal: -0.8855
INFO:root:\U0001f4e5 Opened BAC @ 2010-06-30 | Signal: 2.9089
INFO:root:\U0001f4e5 Opened JPM @ 2010-06-30 | Signal: -3.2103
INFO:root:\U0001f4e5 Opened WMT @ 2010-06-30 | Signal: -3.0015
INFO:root:\U0001f4e5 Opened JPM @ 2010-06-30 | Signal: 3.0803
INFO:root:\U0001f4e5 Opened BAC @ 2010-06-30 | Signal: 0.0818
INFO:root:\U0001f4e5 Opened JPM @ 2010-06-30 | Signal: -1.9645
INFO:root:\U0001f4e5 Opened BAC @ 2010-06-30 | Signal: -2.1157
INFO:root:\U0001f4e5 Opened JPM @ 2010-06-30 | Signal: 2.8828
INFO:root:\U0001f4e5 Opened PG @ 2010-06-30 | Signal: -0.8833
INFO:root:\U0001f4e5 Opened JPM @ 2010-06-30 | Signal: -0.2508
INFO:root:\U0001f4e5 Opened KO @ 2010-06-30 | Signal: -2.1469
INFO:root:\U0001f4e5 Opened WMT @ 2010-06-30 | Signal: -3.8351
INFO:root:\U0001f4e5 Opened KO @ 2010-06-30 | Signal: 2.7856
INFO:root:\U0001f4e5 Opened JPM @ 2010-06-30 | Signal: -3.1495
INFO:root:\U0001f4e5 Opened BAC @ 2010-06-30 | Signal: 1.1800
INFO:root:\U0001f4e5 Opened PG @ 2010-06-30 | Signal: 0.7657
INFO:root:\U0001f4e5 Opened WMT @ 2010-06-30 | Signal: 2.5104
INFO:root:\U0001f4e5 Opened BAC @ 2010-06-30 | Signal: 1.6134
INFO:root:\U0001f4e5 Opened PG @ 2010-06-30 | Signal: 1.5023
INFO:root:\U0001f4e5 Opened BAC @ 2010-06-30 | Signal: -0.7021
INFO:root:\U0001f4e5 Opened WMT @ 2010-06-30 | Signal: 3.9096
INFO:root:\U0001f4e5 Opened BAC @ 2010-06-30 | Signal: 0.2951
INFO:root:\U0001f4e5 Opened WMT @ 2010-06-30 | Signal: 2.5855
INFO:root:\U0001f4e5 Opened BAC @ 2010-06-30 | Signal: 1.5895
INFO:root:\U0001f4e5 Opened UNH @ 2010-06-30 | Signal: 3.8820
INFO:root:\U0001f4e5 Opened BAC @ 2010-06-30 | Signal: 3.7578
INFO:root:\U0001f4e5 Opened JNJ @ 2010-06-30 | Signal: 2.9336
INFO:root:\U0001f4e5 Opened PG @ 2010-06-30 | Signal: -0.5446
INFO:root:\U0001f4e5 Opened JNJ @ 2010-06-30 | Signal: 0.6139
INFO:root:\U0001f4e5 Opened BAC @ 2010-06-30 | Signal: 3.5641
INFO:root:\U0001f4e5 Opened WMT @ 2010-06-30 | Signal: 0.7968
INFO:root:\U0001f4e5 Opened UNH @ 2010-06-30 | Signal: -3.3626
INFO:root:\U0001f4e5 Opened PG @ 2010-06-30 | Signal: 1.9480
INFO:root:\U0001f4e5 Opened WMT @ 2010-06-30 | Signal: -1.7295
INFO:root:\U0001f4e5 Opened UNH @ 2010-06-30 | Signal: -3.9887
INFO:root:\U0001f4e5 Opened WMT @ 2010-06-30 | Signal: -1.0783
INFO:root:\U0001f4e5 Opened PG @ 2010-06-30 | Signal: 3.9402
INFO:root:\U0001f4e5 Opened WMT @ 2010-06-30 | Signal: 0.0070
INFO:root:\U0001f4e5 Opened PG @ 2010-06-30 | Signal: 3.0491
INFO:root:\U0001f4e5 Opened WMT @ 2010-06-30 | Signal: -1.5517
INFO:root:\U0001f4e5 Opened DIS @ 2010-06-30 | Signal: 2.5053
INFO:root:\U0001f4e5 Opened WMT @ 2010-06-30 | Signal: 1.7325
INFO:root:\U0001f4e5 Opened AAPL @ 2010-06-30 | Signal: 3.5048
INFO:root:\U0001f4e5 Opened UNH @ 2010-06-30 | Signal: -2.4225
INFO:root:\U0001f4e5 Opened AAPL @ 2010-06-30 | Signal: 0.9992
INFO:root:\U0001f4e5 Opened WMT @ 2010-06-30 | Signal: -2.8703
INFO:root:\U0001f4e5 Opened PG @ 2010-06-30 | Signal: -3.2737
INFO:root:\U0001f4e5 Opened DIS @ 2010-06-30 | Signal: -2.8070
INFO:root:\U0001f4e5 Opened UNH @ 2010-06-30 | Signal: 1.7163
INFO:root:\U0001f4e5 Opened PG @ 2010-06-30 | Signal: 0.9065
INFO:root:\U0001f4e5 Opened DIS @ 2010-06-30 | Signal: -3.8116
INFO:root:\U0001f4e5 Opened PG @ 2010-06-30 | Signal: 0.6695
INFO:root:\U0001f4e5 Opened UNH @ 2010-06-30 | Signal: -0.7981
INFO:root:\U0001f4e5 Opened PG @ 2010-06-30 | Signal: 3.9241
INFO:root:\U0001f4e5 Opened UNH @ 2010-06-30 | Signal: -3.5631
INFO:root:\U0001f4e5 Opened PG @ 2010-06-30 | Signal: 3.9105
INFO:root:\U0001f4e5 Opened V @ 2010-06-30 | Signal: -1.4671
INFO:root:\U0001f4e5 Opened PG @ 2010-06-30 | Signal: 0.7573
INFO:root:\U0001f4e5 Opened MSFT @ 2010-06-30 | Signal: -3.4743
INFO:root:\U0001f4e5 Opened DIS @ 2010-06-30 | Signal: 0.9203
INFO:root:\U0001f4e5 Opened MSFT @ 2010-06-30 | Signal: 3.3387
INFO:root:\U0001f4e5 Opened PG @ 2010-06-30 | Signal: 1.1282
INFO:root:\U0001f4e5 Opened UNH @ 2010-06-30 | Signal: 1.6355
INFO:root:\U0001f4e5 Opened V @ 2010-06-30 | Signal: 0.7080
INFO:root:\U0001f4e5 Opened DIS @ 2010-06-30 | Signal: 0.4107
INFO:root:\U0001f4e5 Opened UNH @ 2010-06-30 | Signal: 0.1222
INFO:root:\U0001f4e5 Opened V @ 2010-06-30 | Signal: 1.8357
INFO:root:\U0001f4e5 Opened UNH @ 2010-06-30 | Signal: 3.7284
INFO:root:\U0001f4e5 Opened DIS @ 2010-06-30 | Signal: -1.5638
INFO:root:\U0001f4e5 Opened UNH @ 2010-06-30 | Signal: -1.2296
INFO:root:\U0001f4e5 Opened DIS @ 2010-06-30 | Signal: -1.6345
INFO:root:\U0001f4e5 Opened UNH @ 2010-06-30 | Signal: 1.9966
INFO:root:\U0001f4e5 Opened KO @ 2010-06-30 | Signal: 1.6165
INFO:root:\U0001f4e5 Opened UNH @ 2010-06-30 | Signal: 1.3440
INFO:root:\U0001f4e5 Opened GOOGL @ 2010-06-30 | Signal: 1.7428
INFO:root:\U0001f4e5 Opened V @ 2010-06-30 | Signal: -1.7484
INFO:root:\U0001f4e5 Opened GOOGL @ 2010-06-30 | Signal: -2.4609
INFO:root:\U0001f4e5 Opened UNH @ 2010-06-30 | Signal: -1.1489
INFO:root:\U0001f4e5 Opened DIS @ 2010-06-30 | Signal: -1.4476
INFO:root:\U0001f4e5 Opened KO @ 2010-06-30 | Signal: 2.2867
INFO:root:\U0001f4e5 Opened V @ 2010-06-30 | Signal: 2.6285
INFO:root:\U0001f4e5 Opened DIS @ 2010-06-30 | Signal: -3.3556
INFO:root:\U0001f4e5 Opened KO @ 2010-06-30 | Signal: 2.3635
INFO:root:\U0001f4e5 Opened DIS @ 2010-06-30 | Signal: 0.3751
INFO:root:\U0001f4e5 Opened V @ 2010-06-30 | Signal: -1.6651
INFO:root:\U0001f4e5 Opened DIS @ 2010-06-30 | Signal: -1.2583
INFO:root:\U0001f4e5 Opened V @ 2010-06-30 | Signal: -1.5582
INFO:root:\U0001f4e5 Opened DIS @ 2010-06-30 | Signal: 3.1173
INFO:root:\U0001f4e5 Opened JNJ @ 2010-06-30 | Signal: -2.4994
INFO:root:\U0001f4e5 Opened DIS @ 2010-06-30 | Signal: -2.0329
INFO:root:\U0001f4e5 Opened AMZN @ 2010-06-30 | Signal: -2.1011
INFO:root:\U0001f4e5 Opened KO @ 2010-06-30 | Signal: 2.3995
INFO:root:\U0001f4e5 Opened AMZN @ 2010-06-30 | Signal: 0.2902
INFO:root:\U0001f4e5 Opened DIS @ 2010-06-30 | Signal: -1.8631
INFO:root:\U0001f4e5 Opened V @ 2010-06-30 | Signal: 1.7798
INFO:root:\U0001f4e5 Opened JNJ @ 2010-06-30 | Signal: -2.5560
INFO:root:\U0001f4e5 Opened KO @ 2010-06-30 | Signal: 1.5866
INFO:root:\U0001f4e5 Opened V @ 2010-06-30 | Signal: 2.1363
INFO:root:\U0001f4e5 Opened JNJ @ 2010-06-30 | Signal: -1.7776
INFO:root:\U0001f4e5 Opened V @ 2010-06-30 | Signal: -3.5590
INFO:root:\U0001f4e5 Opened KO @ 2010-06-30 | Signal: -1.3581
INFO:root:\U0001f4e5 Opened V @ 2010-06-30 | Signal: -3.9394
INFO:root:\U0001f4e5 Opened KO @ 2010-06-30 | Signal: 0.3876
INFO:root:\U0001f4e5 Opened V @ 2010-06-30 | Signal: -0.0776
INFO:root:\U0001f4e5 Opened V @ 2010-06-30 | Signal: 2.0988
INFO:root:\U0001f4e5 Opened TSLA @ 2010-06-30 | Signal: 3.2511
INFO:root:\U0001f4e5 Opened JNJ @ 2010-06-30 | Signal: 0.5155
INFO:root:\U0001f4e5 Opened TSLA @ 2010-06-30 | Signal: 0.9627
INFO:root:\U0001f4e5 Opened V @ 2010-06-30 | Signal: 3.9522
INFO:root:\U0001f4e5 Opened KO @ 2010-06-30 | Signal: -3.0162
INFO:root:\U0001f4e5 Opened JNJ @ 2010-06-30 | Signal: 3.0870
INFO:root:\U0001f4e5 Opened KO @ 2010-06-30 | Signal: -2.9419
INFO:root:\U0001f4e5 Opened KO @ 2010-06-30 | Signal: -1.5402
INFO:root:\U0001f4e5 Opened JNJ @ 2010-06-30 | Signal: -1.4468
INFO:root:\U0001f4e5 Opened KO @ 2010-06-30 | Signal: 2.9123
INFO:root:\U0001f4e5 Opened JNJ @ 2010-06-30 | Signal: 3.3146
INFO:root:\U0001f4e5 Opened KO @ 2010-06-30 | Signal: -0.3004
INFO:root:\U0001f4e5 Opened KO @ 2010-06-30 | Signal: -3.2656
INFO:root:\U0001f4e5 Opened NVDA @ 2010-06-30 | Signal: 1.2910
INFO:root:\U0001f4e5 Opened NVDA @ 2010-06-30 | Signal: 3.4086
INFO:root:\U0001f4e5 Opened KO @ 2010-06-30 | Signal: 1.5210
INFO:root:\U0001f4e5 Opened JNJ @ 2010-06-30 | Signal: -0.9794
INFO:root:\U0001f4e5 Opened JNJ @ 2010-06-30 | Signal: -1.5816
INFO:root:\U0001f4e5 Opened JNJ @ 2010-06-30 | Signal: -2.1807
INFO:root:\U0001f4e5 Opened JNJ @ 2010-06-30 | Signal: -1.0107
INFO:root:\U0001f4e5 Opened JNJ @ 2010-06-30 | Signal: 2.1865
INFO:root:\U0001f4e5 Opened JNJ @ 2010-06-30 | Signal: -3.5603
INFO:root:\U0001f4e5 Opened AMD @ 2010-06-30 | Signal: 3.8006
INFO:root:\U0001f4e5 Opened AMD @ 2010-06-30 | Signal: 1.3588
INFO:root:\U0001f4e5 Opened JNJ @ 2010-06-30 | Signal: -0.9139
INFO:root:\U0001f4e5 Opened INTC @ 2010-06-30 | Signal: 2.5162
INFO:root:\U0001f4e5 Opened INTC @ 2010-06-30 | Signal: 1.1674
INFO:root:\U0001f4e5 Opened XOM @ 2010-06-30 | Signal: -0.6626
INFO:root:\U0001f4e5 Opened XOM @ 2010-06-30 | Signal: 3.1470
INFO:root:\U0001f4e5 Opened CVX @ 2010-06-30 | Signal: -3.5695
INFO:root:\U0001f4e5 Opened CVX @ 2010-06-30 | Signal: 1.8558
INFO:root:\U0001f4e5 Opened BP @ 2010-06-30 | Signal: -0.4131
INFO:root:\U0001f4e5 Opened BP @ 2010-06-30 | Signal: -2.1293
INFO:root:\U0001f4e5 Opened JPM @ 2010-06-30 | Signal: -3.4259
INFO:root:\U0001f4e5 Opened JPM @ 2010-06-30 | Signal: -3.9511
INFO:root:\U0001f4e5 Opened BAC @ 2010-06-30 | Signal: -0.5252
INFO:root:\U0001f4e5 Opened BAC @ 2010-06-30 | Signal: 0.9472
INFO:root:\U0001f4e5 Opened WMT @ 2010-06-30 | Signal: 1.0469
INFO:root:\U0001f4e5 Opened WMT @ 2010-06-30 | Signal: 2.5032
INFO:root:\U0001f4e5 Opened PG @ 2010-06-30 | Signal: -2.0868
INFO:root:\U0001f4e5 Opened PG @ 2010-06-30 | Signal: 3.1804
INFO:root:\U0001f4e5 Opened UNH @ 2010-06-30 | Signal: 3.6605
INFO:root:\U0001f4e5 Opened UNH @ 2010-06-30 | Signal: -2.3758
INFO:root:\U0001f4e5 Opened DIS @ 2010-06-30 | Signal: -3.9495
INFO:root:\U0001f4e5 Opened DIS @ 2010-06-30 | Signal: -2.8244
INFO:root:\U0001f4e5 Opened V @ 2010-06-30 | Signal: -0.6445
INFO:root:\U0001f4e5 Opened V @ 2010-06-30 | Signal: -3.6171
INFO:root:\U0001f4e5 Opened KO @ 2010-06-30 | Signal: 0.7256
INFO:root:\U0001f4e5 Opened KO @ 2010-06-30 | Signal: 2.5913
INFO:root:\U0001f4e5 Opened JNJ @ 2010-06-30 | Signal: -1.9372
INFO:root:\U0001f4e5 Opened JNJ @ 2010-06-30 | Signal: 1.4531
